
> podpilot@0.1.0 build
> next build

ΓÜá Warning: Next.js inferred your workspace root, but it may not be correct.
 We detected multiple lockfiles and selected the directory of C:\Users\harry\pnpm-lock.yaml as the root directory.
 To silence this warning, set `turbopack.root` in your Next.js config, or consider removing one of the lockfiles if it's not needed.
   See https://nextjs.org/docs/app/api-reference/config/next-config-js/turbopack#root-directory for more information.
 Detected additional lockfiles: 
   * C:\Users\harry\Desktop\potpilot\pnpm-workspace.yaml

Γû▓ Next.js 16.2.4 (Turbopack)
- Environments: .env.local, .env

ΓÜá The "middleware" file convention is deprecated. Please use "proxy" instead. Learn more: https://nextjs.org/docs/messages/middleware-to-proxy
  Creating an optimized production build ...
Γ£ô Compiled successfully in 17.5s
  Running TypeScript ...
Failed to type check.

./app/(protected)/layout.tsx:6:21
Type error: File 'C:/Users/harry/Desktop/potpilot/components/ui/Sidebar.tsx' is not a module.

  4 | import { useRouter } from "next/navigation";
  5 | import { useAuth } from "@/hooks/useAuth";
> 6 | import Sidebar from "@/components/ui/Sidebar";
    |                     ^
  7 | import Header from "@/components/ui/Header";
  8 |
  9 | export default function ProtectedLayout({
Next.js build worker exited with code: 1 and signal: null
